<?xml version="1.0" encoding="UTF-8"?>
<!-- Generated by org.testng.reporters.JUnitXMLReporter -->
<testsuite ignored="1" hostname="Firoj" failures="0" tests="2" name="GRP-Regression" time="0.092" errors="0" timestamp="2023-11-20T23:09:49 IST">
  <testcase classname="com.Test.Test_001" name="VerifyTest_001" time="0.015"/>
  <testcase classname="com.Test.Test_001" name="VerifyTest_003" time="0.003"/>
  <testcase classname="com.Test.Test_001" name="VerifyTest_002" time="0.0">
    <ignored/>
  </testcase> <!-- VerifyTest_002 -->
</testsuite> <!-- GRP-Regression -->
