<?xml version="1.0" encoding="UTF-8"?>
<!-- Generated by org.testng.reporters.JUnitXMLReporter -->
<testsuite ignored="0" hostname="Firoj" failures="0" tests="3" name="Test1" time="14.112" errors="0" timestamp="2023-11-21T10:26:00 IST">
  <testcase classname="com.Test.Test_001" name="VerifyTest_001" time="0.018"/>
  <testcase classname="com.Test.Test_001" name="VerifyTest_002" time="0.003"/>
  <testcase classname="com.Test.Test_001" name="VerifyTest_003" time="0.002"/>
</testsuite> <!-- Test1 -->
