<?xml version="1.0" encoding="UTF-8"?>
<!-- Generated by org.testng.reporters.JUnitXMLReporter -->
<testsuite ignored="0" hostname="Firoj" failures="1" tests="3" name="Test" time="20.786" errors="0" timestamp="2023-11-21T14:07:48 IST">
  <testcase classname="com.Test.Test_001" name="Test_002" time="0.019">
    <skipped/>
  </testcase> <!-- Test_002 -->
  <testcase classname="com.Test.Test_001" name="Test_002" time="0.005">
    <skipped/>
  </testcase> <!-- Test_002 -->
  <testcase classname="com.Test.Test_001" name="Test_002" time="20.753">
    <failure type="java.lang.NullPointerException" message="Cannot invoke &amp;quot;com.aventstack.extentreports.ExtentTest.log(com.aventstack.extentreports.Status, String)&amp;quot; because the return value of &amp;quot;java.lang.ThreadLocal.get()&amp;quot; is null">
      <![CDATA[java.lang.NullPointerException: Cannot invoke "com.aventstack.extentreports.ExtentTest.log(com.aventstack.extentreports.Status, String)" because the return value of "java.lang.ThreadLocal.get()" is null
at com.Utility.Custom_Listener.onTestSkipped(Custom_Listener.java:36)
at java.base/java.util.ArrayList.forEach(ArrayList.java:1511)
... Removed 24 stack frames]]>
    </failure>
  </testcase> <!-- Test_002 -->
</testsuite> <!-- Test -->
