<?xml version="1.0" encoding="UTF-8"?>
<!-- Generated by org.testng.reporters.JUnitXMLReporter -->
<testsuite ignored="0" hostname="Firoj" failures="0" tests="3" name="Testchrome" time="29.741" errors="0" timestamp="2023-11-20T23:04:52 IST">
  <testcase classname="com.Test.Test_001" name="VerifyTest_001" time="0.008"/>
  <testcase classname="com.Test.Test_001" name="VerifyTest_002" time="0.003"/>
  <testcase classname="com.Test.Test_001" name="VerifyTest_003" time="0.002"/>
</testsuite> <!-- Testchrome -->
